25-04-2025 11:34:18 - INFO - Trying to login with email: rishabhvyasji@gmail.com
25-04-2025 11:34:18 - INFO - User rishabhvyas logged in successfully, role: admin
25-04-2025 11:34:18 - INFO - Redirecting user rishabhvyas to dashboard
25-04-2025 11:39:41 - INFO - Starting Flask application
25-04-2025 11:39:50 - INFO - Password reset requested for email: testuser@gmail.com
25-04-2025 11:39:50 - WARNING - Password reset denied for non-admin user: testuser
25-04-2025 11:40:03 - INFO - Password reset requested for email: rishabhvyasji@gmail.com
25-04-2025 11:40:03 - ERROR - Error in password reset for rishabhvyasji@gmail.com: type object 'datetime.datetime' has no attribute 'datetime'
25-04-2025 11:43:19 - INFO - Starting Flask application
25-04-2025 11:43:31 - INFO - Trying to login with email: new@gmail.com
25-04-2025 11:43:31 - WARNING - Failed login attempt for email: new@gmail.com - Invalid credentials
25-04-2025 11:43:41 - INFO - Password reset requested for email: testuser@gmail.com
25-04-2025 11:43:41 - WARNING - Password reset denied for non-admin user: testuser
25-04-2025 11:43:48 - INFO - Password reset requested for email: rishabhvyasji@gmail.com
25-04-2025 11:43:52 - INFO - Password reset email sent to admin user: rishabhvyas
25-04-2025 11:44:44 - INFO - Trying to login with email: rishabhvyasji@gmail.com
25-04-2025 11:44:44 - INFO - User rishabhvyas logged in successfully, role: admin
25-04-2025 11:44:44 - INFO - Redirecting user rishabhvyas to dashboard
25-04-2025 11:45:09 - INFO - Trying to login with email: ok@gmail.com
25-04-2025 11:45:09 - INFO - User okuser logged in successfully, role: user
25-04-2025 11:45:09 - INFO - Redirecting user okuser to dashboard
25-04-2025 11:53:17 - INFO - Starting Flask application
